<?xml version="1.0" encoding="UTF-8"?>
<!-- Generated by org.testng.reporters.JUnitReportReporter -->
<testsuite skipped="0" hostname="Tm-5-PC" name="com.tm.library.Sample" tests="1" failures="0" timestamp="28 Dec 2019 09:40:59 GMT" time="9.624" errors="0">
  <testcase name="m1" time="9.624" classname="com.tm.library.Sample"/>
</testsuite> <!-- com.tm.library.Sample -->
